<?xml version="1.0" encoding="UTF-8"?>
<robot generator="Robot 7.3.2 (Python 3.12.0 on darwin)" generated="2025-11-17T21:35:10.629380" rpa="false" schemaversion="5">
<suite id="s1" name="Tests" source="/Users/eelis/Desktop/TKT/ohtu/palautusrepositorio/viikko3/hello-robot/src/tests">
<suite id="s1-s1" name="Increase Counter" source="/Users/eelis/Desktop/TKT/ohtu/palautusrepositorio/viikko3/hello-robot/src/tests/increase_counter.robot">
<test id="s1-s1-t1" name="Increase Counter Once" line="5">
<kw name="Counter Value Should Be" owner="CounterLibrary">
<arg>0</arg>
<status status="PASS" start="2025-11-17T21:35:10.637998" elapsed="0.000058"/>
</kw>
<kw name="Increase Counter" owner="CounterLibrary">
<status status="PASS" start="2025-11-17T21:35:10.638118" elapsed="0.000035"/>
</kw>
<kw name="Counter Value Should Be" owner="CounterLibrary">
<arg>1</arg>
<status status="PASS" start="2025-11-17T21:35:10.638194" elapsed="0.000030"/>
</kw>
<status status="PASS" start="2025-11-17T21:35:10.637739" elapsed="0.000531"/>
</test>
<test id="s1-s1-t2" name="Increase Counter Many Times" line="10">
<kw name="Counter Value Should Be" owner="CounterLibrary">
<arg>0</arg>
<status status="PASS" start="2025-11-17T21:35:10.638431" elapsed="0.000033"/>
</kw>
<kw name="Increase Counter" owner="CounterLibrary">
<status status="PASS" start="2025-11-17T21:35:10.638499" elapsed="0.000025"/>
</kw>
<kw name="Increase Counter" owner="CounterLibrary">
<status status="PASS" start="2025-11-17T21:35:10.638556" elapsed="0.000025"/>
</kw>
<kw name="Increase Counter" owner="CounterLibrary">
<status status="PASS" start="2025-11-17T21:35:10.638611" elapsed="0.000022"/>
</kw>
<kw name="Counter Value Should Be" owner="CounterLibrary">
<arg>3</arg>
<status status="PASS" start="2025-11-17T21:35:10.638662" elapsed="0.000024"/>
</kw>
<status status="PASS" start="2025-11-17T21:35:10.638338" elapsed="0.000387"/>
</test>
<test id="s1-s1-t3" name="Increment Counter By Amount" line="17">
<kw name="Counter Value Should Be" owner="CounterLibrary">
<arg>0</arg>
<status status="PASS" start="2025-11-17T21:35:10.638870" elapsed="0.000032"/>
</kw>
<kw name="Increment Counter By" owner="CounterLibrary">
<arg>5</arg>
<status status="PASS" start="2025-11-17T21:35:10.638936" elapsed="0.000027"/>
</kw>
<kw name="Counter Value Should Be" owner="CounterLibrary">
<arg>5</arg>
<status status="PASS" start="2025-11-17T21:35:10.638993" elapsed="0.000024"/>
</kw>
<status status="PASS" start="2025-11-17T21:35:10.638784" elapsed="0.000270"/>
</test>
<test id="s1-s1-t4" name="Reset Counter After One Increment" line="22">
<kw name="Counter Value Should Be" owner="CounterLibrary">
<arg>0</arg>
<status status="PASS" start="2025-11-17T21:35:10.639190" elapsed="0.000033"/>
</kw>
<kw name="Increase Counter" owner="CounterLibrary">
<status status="PASS" start="2025-11-17T21:35:10.639255" elapsed="0.000024"/>
</kw>
<kw name="Counter Value Should Be" owner="CounterLibrary">
<arg>1</arg>
<status status="PASS" start="2025-11-17T21:35:10.639308" elapsed="0.000025"/>
</kw>
<kw name="Reset Counter" owner="CounterLibrary">
<status status="PASS" start="2025-11-17T21:35:10.639363" elapsed="0.000024"/>
</kw>
<kw name="Counter Value Should Be" owner="CounterLibrary">
<arg>0</arg>
<status status="PASS" start="2025-11-17T21:35:10.639417" elapsed="0.000025"/>
</kw>
<status status="PASS" start="2025-11-17T21:35:10.639108" elapsed="0.000370"/>
</test>
<test id="s1-s1-t5" name="Reset Counter After Several Increments" line="29">
<kw name="Counter Value Should Be" owner="CounterLibrary">
<arg>0</arg>
<status status="PASS" start="2025-11-17T21:35:10.639615" elapsed="0.000033"/>
</kw>
<kw name="Increment Counter By" owner="CounterLibrary">
<arg>5</arg>
<status status="PASS" start="2025-11-17T21:35:10.639681" elapsed="0.000028"/>
</kw>
<kw name="Counter Value Should Be" owner="CounterLibrary">
<arg>5</arg>
<status status="PASS" start="2025-11-17T21:35:10.639740" elapsed="0.000024"/>
</kw>
<kw name="Reset Counter" owner="CounterLibrary">
<status status="PASS" start="2025-11-17T21:35:10.639794" elapsed="0.000022"/>
</kw>
<kw name="Counter Value Should Be" owner="CounterLibrary">
<arg>0</arg>
<status status="PASS" start="2025-11-17T21:35:10.639844" elapsed="0.000024"/>
</kw>
<status status="PASS" start="2025-11-17T21:35:10.639531" elapsed="0.000372"/>
</test>
<status status="PASS" start="2025-11-17T21:35:10.636390" elapsed="0.003629"/>
</suite>
<status status="PASS" start="2025-11-17T21:35:10.629980" elapsed="0.010197"/>
</suite>
<statistics>
<total>
<stat pass="5" fail="0" skip="0">All Tests</stat>
</total>
<tag>
</tag>
<suite>
<stat name="Tests" id="s1" pass="5" fail="0" skip="0">Tests</stat>
<stat name="Increase Counter" id="s1-s1" pass="5" fail="0" skip="0">Tests.Increase Counter</stat>
</suite>
</statistics>
<errors>
</errors>
</robot>
